<?xml version="1.0" encoding="UTF-8"?>
<testsuite name="is.ru.stringcalculator.CalculatorTest" tests="7" skipped="0" failures="0" errors="0" timestamp="2017-10-15T21:46:33" hostname="DESKTOP-EBFP1M7" time="0.003">
  <properties/>
  <testcase name="testSimpleAdd" classname="is.ru.stringcalculator.CalculatorTest" time="0.001"/>
  <testcase name="testAdd" classname="is.ru.stringcalculator.CalculatorTest" time="0.0"/>
  <testcase name="testDelimeter" classname="is.ru.stringcalculator.CalculatorTest" time="0.0"/>
  <testcase name="testEmptyString" classname="is.ru.stringcalculator.CalculatorTest" time="0.0"/>
  <testcase name="testAddOverThousand" classname="is.ru.stringcalculator.CalculatorTest" time="0.0"/>
  <testcase name="TestNegative" classname="is.ru.stringcalculator.CalculatorTest" time="0.0"/>
  <testcase name="testTwoSplitters" classname="is.ru.stringcalculator.CalculatorTest" time="0.001"/>
  <system-out><![CDATA[]]></system-out>
  <system-err><![CDATA[]]></system-err>
</testsuite>
